


materialPath: D:\Steam\steamapps\sourcemods\doc\materials
Loading D:\Steam\steamapps\sourcemods\doc\maps\dod_donner_rain.vmf
ConVarRef mat_reduceparticles doesn't point to an existing ConVar
Could not locate 'GameData' key in d:\steam\steamapps\sourcemods\doc\gameinfo.txt
fixing up env_cubemap materials on brush sides...
0...1...2...3...4...5...6...7...8...9...100...1...2...3...4...5...6...7...8...9...10Processing areas...done (0)
Building Faces...material "nature/water_anzio001_beneath" not found.
done (0)
Occluder "occluder_9a" straddles multiple areas. This is invalid!
Occluder "occluder_9a" straddles multiple areas. This is invalid!
Occluder "occluder_9a" straddles multiple areas. This is invalid!
Occluder "occluder_9a" straddles multiple areas. This is invalid!
Occluder "occluder_9a" straddles multiple areas. This is invalid!
Occluder "occluder_9a" straddles multiple areas. This is invalid!
Occluder "occluder_9a" straddles multiple areas. This is invalid!
Occluder "occluder_9a" straddles multiple areas. This is invalid!
Occluder "occluder_9a" straddles multiple areas. This is invalid!
Occluder "occluder_9a" straddles multiple areas. This is invalid!
Occluder "occluder_9a" straddles multiple areas. This is invalid!
Occluder "occluder_9a" straddles multiple areas. This is invalid!
Occluder "occluder_9b" straddles multiple areas. This is invalid!
Occluder "occluder_9b" straddles multiple areas. This is invalid!
Occluder "occluder_9b" straddles multiple areas. This is invalid!
Occluder "occluder_9b" straddles multiple areas. This is invalid!
Occluder "occluder_9b" straddles multiple areas. This is invalid!
Occluder "occluder_9b" straddles multiple areas. This is invalid!
Occluder "occluder_9b" straddles multiple areas. This is invalid!
Occluder "occluder_9b" straddles multiple areas. This is invalid!
Occluder "occluder_9b" straddles multiple areas. This is invalid!
Occluder "occluder_9b" straddles multiple areas. This is invalid!
Occluder "occluder_9b" straddles multiple areas. This is invalid!
Occluder "occluder_9b" straddles multiple areas. This is invalid!
Occluder "occluder_9b" straddles multiple areas. This is invalid!
Occluder "occluder_9b" straddles multiple areas. This is invalid!
Occluder "occluder_9b" straddles multiple areas. This is invalid!
Occluder "occluder_9b" straddles multiple areas. This is invalid!
Occluder "occluder_9b" straddles multiple areas. This is invalid!
Occluder "occluder_9b" straddles multiple areas. This is invalid!
Occluder "occluder_9b" straddles multiple areas. This is invalid!
Occluder "occluder_9b" straddles multiple areas. This is invalid!
Occluder "occluder_9b" straddles multiple areas. This is invalid!
Occluder "occluder_9b" straddles multiple areas. This is invalid!
Occluder "occluder_9b" straddles multiple areas. This is invalid!
Occluder "occluder_9b" straddles multiple areas. This is invalid!
Chop Details...done (0)
Find Visible Detail Sides...
Merged 654 detail faces...done (0)
Merging details...done (1)
FixTjuncs...
PruneNodes...
WriteBSP...
done (0)
writing D:\Steam\steamapps\sourcemods\doc\maps\dod_donner_rain.prt...Building visibility clusters...
done (0)
Creating default LDR cubemaps for env_cubemap using skybox materials:
   skybox/sky_day02_09*.vmt
 ! Run buildcubemaps in the engine to get the correct cube maps.
Creating default HDR cubemaps for env_cubemap using skybox materials:
   skybox/sky_day02_09*.vmt
 ! Run buildcubemaps in the engine to get the correct cube maps.
Finding displacement neighbors...
Found a displacement edge abutting multiple other edges.
Finding lightmap sample positions...
Displacement Alpha : 0...1...2...3...4...5...6...7...8...9...10
Building Physics collision data...
WARNING: Map using power 4 displacements, terrain physics cannot be compressed, map will need additional memory and CPU.
done (0) (5269867 bytes)
Placing detail props : 0...1...2...3...4...5...6...7...8...9...10
Compacting texture/material tables...
Reduced 9376 texinfos to 3579
Reduced 384 texdatas to 306 (14658 bytes to 10557)
Writing D:\Steam\steamapps\sourcemods\doc\maps\dod_donner_rain.bsp
Wrote ZIP buffer, estimated size 8974047, actual size 8919563
6 seconds elapsed
CMaterialDict::Shutdown m_MissingList count: 1



6 threads
reading d:\steam\steamapps\sourcemods\doc\maps\dod_donner_rain.bsp
reading d:\steam\steamapps\sourcemods\doc\maps\dod_donner_rain.prt
3003 portalclusters
8244 numportals
0...1...2...3...4...5...6...7...8...9...100...1...2...3...4...5...6...7...8...9...10Optimized: 18477 visible clusters (1.32%)
Total clusters visible: 1397080
Average clusters visible: 465
Building PAS...
Average clusters audible: 1988
visdatasize:1415889  compressed from 2258256
writing d:\steam\steamapps\sourcemods\doc\maps\dod_donner_rain.bsp
8 minutes, 31 seconds elapsed



[Reading texlights from 'lights.rad']
[40 texlights parsed from 'lights.rad']

Loading d:\steam\steamapps\sourcemods\doc\maps\dod_donner_rain.bsp
Patch Sample Radius Clamped!
8149 faces
1 degenerate faces
1414911 square feet [203747296.00 square inches]
628 Displacements
246599 Square Feet [35510376.00 Square Inches]
8148 patches before subdivision
18662 patches after subdivision
104 direct lights
0...1...2...3...4...5...6...7...8...9...100...1...2...3...4...5...6...7...8...9...10transfers 751659, max 458
transfer lists:   5.7 megs
0...1...2...3...4...5...6...7...8...9...10	Bounce #1 added RGB(5199, 4456, 2889)
0...1...2...3...4...5...6...7...8...9...10	Bounce #2 added RGB(1602, 1289, 740)
0...1...2...3...4...5...6...7...8...9...10	Bounce #3 added RGB(519, 392, 199)
0...1...2...3...4...5...6...7...8...9...10	Bounce #4 added RGB(182, 130, 60)
0...1...2...3...4...5...6...7...8...9...10	Bounce #5 added RGB(64, 43, 18)
0...1...2...3...4...5...6...7...8...9...10	Bounce #6 added RGB(23, 15, 6)
0...1...2...3...4...5...6...7...8...9...10	Bounce #7 added RGB(8, 5, 2)
0...1...2...3...4...5...6...7...8...9...10	Bounce #8 added RGB(3, 2, 1)
0...1...2...3...4...5...6...7...8...9...10	Bounce #9 added RGB(1, 1, 0)
0...1...2...3...4...5...6...7...8...9...10	Bounce #10 added RGB(0, 0, 0)
Build Patch/Sample Hash Table(s).....Done<0.0027 sec>
0...1...2...3...4...5...6...7...8...9...10FinalLightFace Done
Computing detail prop lighting : 0...1...2...3...4...5...6...7...8...9...10
57 of 70 (81% of) surface lights went in leaf ambient cubes.
0...1...2...3...4...5...6...7...8...9...10Writing leaf ambient...done
Ready to Finish

Object names       Objects/Maxobjs  Memory / Maxmem  Fullness 
------------       ---------------  ---------------  -------- 
models                  66/1024         3168/49152    ( 6.4%) 
brushes               3229/8192        38748/98304    (39.4%) 
brushsides           22950/65536      183600/524288   (35.0%) 
planes               10380/65536      207600/1310720  (15.8%) 
vertexes             17254/65536      207048/786432   (26.3%) 
nodes                 5964/65536      190848/2097152  ( 9.1%) 
texinfos              3579/12288      257688/884736   (29.1%) 
texdata                306/2048         9792/65536    (14.9%) 
dispinfos              628/0          110528/0        ( 0.0%) 
disp_verts           26116/0          522320/0        ( 0.0%) 
disp_tris            38528/0           77056/0        ( 0.0%) 
disp_lmsamples      422039/0          422039/0        ( 0.0%) 
faces                 8149/65536      456344/3670016  (12.4%) 
hdr faces                0/65536           0/3670016  ( 0.0%) 
origfaces             5945/65536      332920/3670016  ( 9.1%) 
leaves                6031/65536      192992/2097152  ( 9.2%) 
leaffaces            12752/65536       25504/131072   (19.5%) 
leafbrushes          13281/65536       26562/131072   (20.3%) 
areas                   29/256           232/2048     (11.3%) 
surfedges            62918/512000     251672/2048000  (12.3%) 
edges                43021/256000     172084/1024000  (16.8%) 
LDR worldlights        104/8192         9152/720896   ( 1.3%) 
HDR worldlights          0/8192            0/720896   ( 0.0%) 
leafwaterdata            5/32768          60/393216   ( 0.0%) 
waterstrips           1165/32768       11650/327680   ( 3.6%) 
waterverts               0/65536           0/786432   ( 0.0%) 
waterindices         20709/65536       41418/131072   (31.6%) 
cubemapsamples         101/1024         1616/16384    ( 9.9%) 
overlays               402/512        141504/180224   (78.5%) 
LDR lightdata         [variable]      979400/0        ( 0.0%) 
HDR lightdata         [variable]           0/0        ( 0.0%) 
visdata               [variable]     1415889/16777216 ( 8.4%) 
entdata               [variable]      229778/393216   (58.4%) 
LDR ambient table     6031/65536       24124/262144   ( 9.2%) 
HDR ambient table     6031/65536       24124/262144   ( 9.2%) 
LDR leaf ambient     30720/65536      860160/1835008  (46.9%) 
HDR leaf ambient      6031/65536      168868/1835008  ( 9.2%) 
occluders               23/0             920/0        ( 0.0%) 
occluder polygons       45/0             540/0        ( 0.0%) 
occluder vert ind      181/0             724/0        ( 0.0%) 
detail props          [variable]           1/132656   ( 0.0%) 
dtl prp lght          [variable]           1/4        (25.0%) 
HDR dtl prp lght      [variable]           1/4        (25.0%) 
static props          [variable]           1/102180   ( 0.0%) 
pakfile               [variable]     8919563/0        ( 0.0%) 
physics               [variable]     5269867/4194304  (125.6%) VERY FULL!
physics terrain       [variable]           0/1048576  ( 0.0%) 

Level flags = 0

Total triangle count: 23085
Writing d:\steam\steamapps\sourcemods\doc\maps\dod_donner_rain.bsp
30 seconds elapsed
